The system is: Linux - 2.4.21-4.EL - i686
Determining if the C compiler is GNU succeeded with the following output:
# 1 "/usr/local/share/CMake/Modules/CMakeTestGNU.c"
# 1 "<built-in>"
# 1 "<command line>"
# 1 "/usr/local/share/CMake/Modules/CMakeTestGNU.c"

void THIS_IS_GNU();

Determining if the C++ compiler is GNU succeeded with the following output:
# 1 "/usr/local/share/CMake/Modules/CMakeTestGNU.c"
# 1 "<built-in>"
# 1 "<command line>"
# 1 "/usr/local/share/CMake/Modules/CMakeTestGNU.c"

void THIS_IS_GNU();

Determining if the C compiler works passed with the following output:
/usr/local/bin/cmake -H/home/jwsuh/jwsuh/ItkBin/wooktemp/deformVolfromClineFeature2/CMakeTmp -B/home/jwsuh/jwsuh/ItkBin/wooktemp/deformVolfromClineFeature2/CMakeTmp --check-build-system CMakeFiles/Makefile.cmake 0
/usr/bin/gmake -f CMakeFiles/Makefile2 cmTryCompileExec
gmake[1]: Entering directory `/home/jwsuh/jwsuh/ItkBin/wooktemp/deformVolfromClineFeature2/CMakeTmp'
/usr/local/bin/cmake -H/home/jwsuh/jwsuh/ItkBin/wooktemp/deformVolfromClineFeature2/CMakeTmp -B/home/jwsuh/jwsuh/ItkBin/wooktemp/deformVolfromClineFeature2/CMakeTmp --check-build-system CMakeFiles/Makefile.cmake 0
/usr/bin/gmake -f CMakeFiles/Makefile2 CMakeFiles/cmTryCompileExec.dir/all
gmake[2]: Entering directory `/home/jwsuh/jwsuh/ItkBin/wooktemp/deformVolfromClineFeature2/CMakeTmp'
/usr/bin/gmake -f CMakeFiles/cmTryCompileExec.dir/build.make CMakeFiles/cmTryCompileExec.dir/depend
gmake[3]: Entering directory `/home/jwsuh/jwsuh/ItkBin/wooktemp/deformVolfromClineFeature2/CMakeTmp'
Scanning dependencies of target cmTryCompileExec
/usr/local/bin/cmake -E cmake_depends  "Unix Makefiles" /home/jwsuh/jwsuh/ItkBin/wooktemp/deformVolfromClineFeature2/CMakeTmp /home/jwsuh/jwsuh/ItkBin/wooktemp/deformVolfromClineFeature2/CMakeTmp /home/jwsuh/jwsuh/ItkBin/wooktemp/deformVolfromClineFeature2/CMakeTmp/CMakeFiles/cmTryCompileExec.dir/DependInfo.cmake
gmake[3]: Leaving directory `/home/jwsuh/jwsuh/ItkBin/wooktemp/deformVolfromClineFeature2/CMakeTmp'
/usr/bin/gmake -f CMakeFiles/cmTryCompileExec.dir/build.make CMakeFiles/cmTryCompileExec.dir/build
gmake[3]: Entering directory `/home/jwsuh/jwsuh/ItkBin/wooktemp/deformVolfromClineFeature2/CMakeTmp'
Building C object CMakeFiles/cmTryCompileExec.dir/testCCompiler.o
gcc  -o CMakeFiles/cmTryCompileExec.dir/testCCompiler.o   -c /home/jwsuh/jwsuh/ItkBin/wooktemp/deformVolfromClineFeature2/CMakeTmp/testCCompiler.c
Linking C executable cmTryCompileExec
/usr/local/bin/cmake -E remove -f cmTryCompileExec
gcc        -fPIC "CMakeFiles/cmTryCompileExec.dir/testCCompiler.o"   -o cmTryCompileExec -rdynamic 
gmake[3]: Leaving directory `/home/jwsuh/jwsuh/ItkBin/wooktemp/deformVolfromClineFeature2/CMakeTmp'
gmake[2]: Leaving directory `/home/jwsuh/jwsuh/ItkBin/wooktemp/deformVolfromClineFeature2/CMakeTmp'
gmake[1]: Leaving directory `/home/jwsuh/jwsuh/ItkBin/wooktemp/deformVolfromClineFeature2/CMakeTmp'


Determining size of void* passed with the following output:
/usr/local/bin/cmake -H/home/jwsuh/jwsuh/ItkBin/wooktemp/deformVolfromClineFeature2/CMakeTmp -B/home/jwsuh/jwsuh/ItkBin/wooktemp/deformVolfromClineFeature2/CMakeTmp --check-build-system CMakeFiles/Makefile.cmake 0
/usr/bin/gmake -f CMakeFiles/Makefile2 cmTryCompileExec
gmake[1]: Entering directory `/home/jwsuh/jwsuh/ItkBin/wooktemp/deformVolfromClineFeature2/CMakeTmp'
/usr/local/bin/cmake -H/home/jwsuh/jwsuh/ItkBin/wooktemp/deformVolfromClineFeature2/CMakeTmp -B/home/jwsuh/jwsuh/ItkBin/wooktemp/deformVolfromClineFeature2/CMakeTmp --check-build-system CMakeFiles/Makefile.cmake 0
/usr/bin/gmake -f CMakeFiles/Makefile2 CMakeFiles/cmTryCompileExec.dir/all
gmake[2]: Entering directory `/home/jwsuh/jwsuh/ItkBin/wooktemp/deformVolfromClineFeature2/CMakeTmp'
/usr/bin/gmake -f CMakeFiles/cmTryCompileExec.dir/build.make CMakeFiles/cmTryCompileExec.dir/depend
gmake[3]: Entering directory `/home/jwsuh/jwsuh/ItkBin/wooktemp/deformVolfromClineFeature2/CMakeTmp'
Scanning dependencies of target cmTryCompileExec
/usr/local/bin/cmake -E cmake_depends  "Unix Makefiles" /home/jwsuh/jwsuh/ItkBin/wooktemp/deformVolfromClineFeature2/CMakeTmp /home/jwsuh/jwsuh/ItkBin/wooktemp/deformVolfromClineFeature2/CMakeTmp /home/jwsuh/jwsuh/ItkBin/wooktemp/deformVolfromClineFeature2/CMakeTmp/CMakeFiles/cmTryCompileExec.dir/DependInfo.cmake
gmake[3]: Leaving directory `/home/jwsuh/jwsuh/ItkBin/wooktemp/deformVolfromClineFeature2/CMakeTmp'
/usr/bin/gmake -f CMakeFiles/cmTryCompileExec.dir/build.make CMakeFiles/cmTryCompileExec.dir/build
gmake[3]: Entering directory `/home/jwsuh/jwsuh/ItkBin/wooktemp/deformVolfromClineFeature2/CMakeTmp'
Building C object CMakeFiles/cmTryCompileExec.dir/CheckTypeSize.o
gcc -DCHECK_TYPE_SIZE_TYPE="void*"   -o CMakeFiles/cmTryCompileExec.dir/CheckTypeSize.o   -c /home/jwsuh/jwsuh/ItkBin/wooktemp/deformVolfromClineFeature2/CMakeTmp/CheckTypeSize.c
Linking C executable cmTryCompileExec
/usr/local/bin/cmake -E remove -f cmTryCompileExec
gcc      -DCHECK_TYPE_SIZE_TYPE="void*"  -fPIC "CMakeFiles/cmTryCompileExec.dir/CheckTypeSize.o"   -o cmTryCompileExec -rdynamic 
gmake[3]: Leaving directory `/home/jwsuh/jwsuh/ItkBin/wooktemp/deformVolfromClineFeature2/CMakeTmp'
gmake[2]: Leaving directory `/home/jwsuh/jwsuh/ItkBin/wooktemp/deformVolfromClineFeature2/CMakeTmp'
gmake[1]: Leaving directory `/home/jwsuh/jwsuh/ItkBin/wooktemp/deformVolfromClineFeature2/CMakeTmp'


Determining if the CXX compiler works passed with the following output:
/usr/local/bin/cmake -H/home/jwsuh/jwsuh/ItkBin/wooktemp/deformVolfromClineFeature2/CMakeTmp -B/home/jwsuh/jwsuh/ItkBin/wooktemp/deformVolfromClineFeature2/CMakeTmp --check-build-system CMakeFiles/Makefile.cmake 0
/usr/bin/gmake -f CMakeFiles/Makefile2 cmTryCompileExec
gmake[1]: Entering directory `/home/jwsuh/jwsuh/ItkBin/wooktemp/deformVolfromClineFeature2/CMakeTmp'
/usr/local/bin/cmake -H/home/jwsuh/jwsuh/ItkBin/wooktemp/deformVolfromClineFeature2/CMakeTmp -B/home/jwsuh/jwsuh/ItkBin/wooktemp/deformVolfromClineFeature2/CMakeTmp --check-build-system CMakeFiles/Makefile.cmake 0
/usr/bin/gmake -f CMakeFiles/Makefile2 CMakeFiles/cmTryCompileExec.dir/all
gmake[2]: Entering directory `/home/jwsuh/jwsuh/ItkBin/wooktemp/deformVolfromClineFeature2/CMakeTmp'
/usr/bin/gmake -f CMakeFiles/cmTryCompileExec.dir/build.make CMakeFiles/cmTryCompileExec.dir/depend
gmake[3]: Entering directory `/home/jwsuh/jwsuh/ItkBin/wooktemp/deformVolfromClineFeature2/CMakeTmp'
Scanning dependencies of target cmTryCompileExec
/usr/local/bin/cmake -E cmake_depends  "Unix Makefiles" /home/jwsuh/jwsuh/ItkBin/wooktemp/deformVolfromClineFeature2/CMakeTmp /home/jwsuh/jwsuh/ItkBin/wooktemp/deformVolfromClineFeature2/CMakeTmp /home/jwsuh/jwsuh/ItkBin/wooktemp/deformVolfromClineFeature2/CMakeTmp/CMakeFiles/cmTryCompileExec.dir/DependInfo.cmake
gmake[3]: Leaving directory `/home/jwsuh/jwsuh/ItkBin/wooktemp/deformVolfromClineFeature2/CMakeTmp'
/usr/bin/gmake -f CMakeFiles/cmTryCompileExec.dir/build.make CMakeFiles/cmTryCompileExec.dir/build
gmake[3]: Entering directory `/home/jwsuh/jwsuh/ItkBin/wooktemp/deformVolfromClineFeature2/CMakeTmp'
Building CXX object CMakeFiles/cmTryCompileExec.dir/testCXXCompiler.o
c++   -o CMakeFiles/cmTryCompileExec.dir/testCXXCompiler.o -c /home/jwsuh/jwsuh/ItkBin/wooktemp/deformVolfromClineFeature2/CMakeTmp/testCXXCompiler.cxx
Linking CXX executable cmTryCompileExec
/usr/local/bin/cmake -E remove -f cmTryCompileExec
c++         -fPIC "CMakeFiles/cmTryCompileExec.dir/testCXXCompiler.o"   -o cmTryCompileExec -rdynamic 
gmake[3]: Leaving directory `/home/jwsuh/jwsuh/ItkBin/wooktemp/deformVolfromClineFeature2/CMakeTmp'
gmake[2]: Leaving directory `/home/jwsuh/jwsuh/ItkBin/wooktemp/deformVolfromClineFeature2/CMakeTmp'
gmake[1]: Leaving directory `/home/jwsuh/jwsuh/ItkBin/wooktemp/deformVolfromClineFeature2/CMakeTmp'


