2003.10.24 08:48 B C:\QSAR\Internship\Matlab\somtoolbox2\Doc\browse.gif <-- relito /home/relito/medeng/ebayram/Internship/Matlab/somtoolbox2/Doc browse.gif
2003.10.24 08:48 B C:\QSAR\Internship\Matlab\somtoolbox2\Doc\browsewin.jpg <-- relito /home/relito/medeng/ebayram/Internship/Matlab/somtoolbox2/Doc browsewin.jpg
2003.10.24 08:48 B C:\QSAR\Internship\Matlab\somtoolbox2\Doc\cca.html <-- relito /home/relito/medeng/ebayram/Internship/Matlab/somtoolbox2/Doc cca.html
2003.10.24 08:48 B C:\QSAR\Internship\Matlab\somtoolbox2\Doc\clip.jpg <-- relito /home/relito/medeng/ebayram/Internship/Matlab/somtoolbox2/Doc clip.jpg
2003.10.24 08:48 B C:\QSAR\Internship\Matlab\somtoolbox2\Doc\Contents.html <-- relito /home/relito/medeng/ebayram/Internship/Matlab/somtoolbox2/Doc Contents.html
2003.10.24 08:48 B C:\QSAR\Internship\Matlab\somtoolbox2\Doc\db_index.html <-- relito /home/relito/medeng/ebayram/Internship/Matlab/somtoolbox2/Doc db_index.html
2003.10.24 08:48 B C:\QSAR\Internship\Matlab\somtoolbox2\Doc\delay.jpg <-- relito /home/relito/medeng/ebayram/Internship/Matlab/somtoolbox2/Doc delay.jpg
2003.10.24 08:48 B C:\QSAR\Internship\Matlab\somtoolbox2\Doc\hits.html <-- relito /home/relito/medeng/ebayram/Internship/Matlab/somtoolbox2/Doc hits.html
2003.10.24 08:48 B C:\QSAR\Internship\Matlab\somtoolbox2\Doc\initgui.jpg <-- relito /home/relito/medeng/ebayram/Internship/Matlab/somtoolbox2/Doc initgui.jpg
2003.10.24 08:48 B C:\QSAR\Internship\Matlab\somtoolbox2\Doc\kmeans.html <-- relito /home/relito/medeng/ebayram/Internship/Matlab/somtoolbox2/Doc kmeans.html
2003.10.24 08:48 B C:\QSAR\Internship\Matlab\somtoolbox2\Doc\kmeans_clusters.html <-- relito /home/relito/medeng/ebayram/Internship/Matlab/somtoolbox2/Doc kmeans_clusters.html
2003.10.24 08:48 B C:\QSAR\Internship\Matlab\somtoolbox2\Doc\knn.html <-- relito /home/relito/medeng/ebayram/Internship/Matlab/somtoolbox2/Doc knn.html
2003.10.24 08:48 B C:\QSAR\Internship\Matlab\somtoolbox2\Doc\knn_old.html <-- relito /home/relito/medeng/ebayram/Internship/Matlab/somtoolbox2/Doc knn_old.html
2003.10.24 08:48 B C:\QSAR\Internship\Matlab\somtoolbox2\Doc\loadgui.jpg <-- relito /home/relito/medeng/ebayram/Internship/Matlab/somtoolbox2/Doc loadgui.jpg
2003.10.24 08:48 B C:\QSAR\Internship\Matlab\somtoolbox2\Doc\lvq1.html <-- relito /home/relito/medeng/ebayram/Internship/Matlab/somtoolbox2/Doc lvq1.html
2003.10.24 08:48 B C:\QSAR\Internship\Matlab\somtoolbox2\Doc\lvq3.html <-- relito /home/relito/medeng/ebayram/Internship/Matlab/somtoolbox2/Doc lvq3.html
2003.10.24 08:48 B C:\QSAR\Internship\Matlab\somtoolbox2\Doc\mwindow.jpg <-- relito /home/relito/medeng/ebayram/Internship/Matlab/somtoolbox2/Doc mwindow.jpg
2003.10.24 08:48 B C:\QSAR\Internship\Matlab\somtoolbox2\Doc\nanstats.html <-- relito /home/relito/medeng/ebayram/Internship/Matlab/somtoolbox2/Doc nanstats.html
2003.10.24 08:48 B C:\QSAR\Internship\Matlab\somtoolbox2\Doc\neural_gas.html <-- relito /home/relito/medeng/ebayram/Internship/Matlab/somtoolbox2/Doc neural_gas.html
2003.10.24 08:48 B C:\QSAR\Internship\Matlab\somtoolbox2\Doc\paragui.jpg <-- relito /home/relito/medeng/ebayram/Internship/Matlab/somtoolbox2/Doc paragui.jpg
2003.10.24 08:48 B C:\QSAR\Internship\Matlab\somtoolbox2\Doc\pcaproj.html <-- relito /home/relito/medeng/ebayram/Internship/Matlab/somtoolbox2/Doc pcaproj.html
2003.10.24 08:48 B C:\QSAR\Internship\Matlab\somtoolbox2\Doc\preproc.jpg <-- relito /home/relito/medeng/ebayram/Internship/Matlab/somtoolbox2/Doc preproc.jpg
2003.10.24 08:48 B C:\QSAR\Internship\Matlab\somtoolbox2\Doc\preprocess.html <-- relito /home/relito/medeng/ebayram/Internship/Matlab/somtoolbox2/Doc preprocess.html
2003.10.24 08:48 B C:\QSAR\Internship\Matlab\somtoolbox2\Doc\questdlg.jpg <-- relito /home/relito/medeng/ebayram/Internship/Matlab/somtoolbox2/Doc questdlg.jpg
2003.10.24 08:48 B C:\QSAR\Internship\Matlab\somtoolbox2\Doc\reload.gif <-- relito /home/relito/medeng/ebayram/Internship/Matlab/somtoolbox2/Doc reload.gif
2003.10.24 08:48 B C:\QSAR\Internship\Matlab\somtoolbox2\Doc\rep_utils.html <-- relito /home/relito/medeng/ebayram/Internship/Matlab/somtoolbox2/Doc rep_utils.html
2003.10.24 08:48 B C:\QSAR\Internship\Matlab\somtoolbox2\Doc\sammon.html <-- relito /home/relito/medeng/ebayram/Internship/Matlab/somtoolbox2/Doc sammon.html
2003.10.24 08:48 B C:\QSAR\Internship\Matlab\somtoolbox2\Doc\savemap.gif <-- relito /home/relito/medeng/ebayram/Internship/Matlab/somtoolbox2/Doc savemap.gif
2003.10.24 08:48 B C:\QSAR\Internship\Matlab\somtoolbox2\Doc\sDman.jpg <-- relito /home/relito/medeng/ebayram/Internship/Matlab/somtoolbox2/Doc sDman.jpg
2003.10.24 08:48 B C:\QSAR\Internship\Matlab\somtoolbox2\Doc\selVect.jpg <-- relito /home/relito/medeng/ebayram/Internship/Matlab/somtoolbox2/Doc selVect.jpg
2003.10.24 08:48 B C:\QSAR\Internship\Matlab\somtoolbox2\Doc\som_autolabel.html <-- relito /home/relito/medeng/ebayram/Internship/Matlab/somtoolbox2/Doc som_autolabel.html
2003.10.24 08:48 B C:\QSAR\Internship\Matlab\somtoolbox2\Doc\som_barplane.html <-- relito /home/relito/medeng/ebayram/Internship/Matlab/somtoolbox2/Doc som_barplane.html
2003.10.24 08:48 B C:\QSAR\Internship\Matlab\somtoolbox2\Doc\som_batchtrain.html <-- relito /home/relito/medeng/ebayram/Internship/Matlab/somtoolbox2/Doc som_batchtrain.html
2003.10.24 08:48 B C:\QSAR\Internship\Matlab\somtoolbox2\Doc\som_bmucolor.html <-- relito /home/relito/medeng/ebayram/Internship/Matlab/somtoolbox2/Doc som_bmucolor.html
2003.10.24 08:48 B C:\QSAR\Internship\Matlab\somtoolbox2\Doc\som_bmus.html <-- relito /home/relito/medeng/ebayram/Internship/Matlab/somtoolbox2/Doc som_bmus.html
2003.10.24 08:48 B C:\QSAR\Internship\Matlab\somtoolbox2\Doc\som_cldist.html <-- relito /home/relito/medeng/ebayram/Internship/Matlab/somtoolbox2/Doc som_cldist.html
2003.10.24 08:48 B C:\QSAR\Internship\Matlab\somtoolbox2\Doc\som_clget.html <-- relito /home/relito/medeng/ebayram/Internship/Matlab/somtoolbox2/Doc som_clget.html
2003.10.24 08:48 B C:\QSAR\Internship\Matlab\somtoolbox2\Doc\som_cllinkage.html <-- relito /home/relito/medeng/ebayram/Internship/Matlab/somtoolbox2/Doc som_cllinkage.html
2003.10.24 08:48 B C:\QSAR\Internship\Matlab\somtoolbox2\Doc\som_clplot.html <-- relito /home/relito/medeng/ebayram/Internship/Matlab/somtoolbox2/Doc som_clplot.html
2003.10.24 08:48 B C:\QSAR\Internship\Matlab\somtoolbox2\Doc\som_clset.html <-- relito /home/relito/medeng/ebayram/Internship/Matlab/somtoolbox2/Doc som_clset.html
2003.10.24 08:48 B C:\QSAR\Internship\Matlab\somtoolbox2\Doc\som_clspread.html <-- relito /home/relito/medeng/ebayram/Internship/Matlab/somtoolbox2/Doc som_clspread.html
2003.10.24 08:48 B C:\QSAR\Internship\Matlab\somtoolbox2\Doc\som_clstruct.html <-- relito /home/relito/medeng/ebayram/Internship/Matlab/somtoolbox2/Doc som_clstruct.html
2003.10.24 08:48 B C:\QSAR\Internship\Matlab\somtoolbox2\Doc\som_clustercolor.html <-- relito /home/relito/medeng/ebayram/Internship/Matlab/somtoolbox2/Doc som_clustercolor.html
2003.10.24 08:48 B C:\QSAR\Internship\Matlab\somtoolbox2\Doc\som_cod2ind.html <-- relito /home/relito/medeng/ebayram/Internship/Matlab/somtoolbox2/Doc som_cod2ind.html
2003.10.24 08:48 B C:\QSAR\Internship\Matlab\somtoolbox2\Doc\som_colorcode.html <-- relito /home/relito/medeng/ebayram/Internship/Matlab/somtoolbox2/Doc som_colorcode.html
2003.10.24 08:48 B C:\QSAR\Internship\Matlab\somtoolbox2\Doc\som_coloring.html <-- relito /home/relito/medeng/ebayram/Internship/Matlab/somtoolbox2/Doc som_coloring.html
2003.10.24 08:48 B C:\QSAR\Internship\Matlab\somtoolbox2\Doc\som_connection.html <-- relito /home/relito/medeng/ebayram/Internship/Matlab/somtoolbox2/Doc som_connection.html
2003.10.24 08:48 B C:\QSAR\Internship\Matlab\somtoolbox2\Doc\som_cplane.html <-- relito /home/relito/medeng/ebayram/Internship/Matlab/somtoolbox2/Doc som_cplane.html
2003.10.24 08:48 B C:\QSAR\Internship\Matlab\somtoolbox2\Doc\som_data_struct.html <-- relito /home/relito/medeng/ebayram/Internship/Matlab/somtoolbox2/Doc som_data_struct.html
2003.10.24 08:48 B C:\QSAR\Internship\Matlab\somtoolbox2\Doc\som_demo1.html <-- relito /home/relito/medeng/ebayram/Internship/Matlab/somtoolbox2/Doc som_demo1.html
2003.10.24 08:48 B C:\QSAR\Internship\Matlab\somtoolbox2\Doc\som_demo2.html <-- relito /home/relito/medeng/ebayram/Internship/Matlab/somtoolbox2/Doc som_demo2.html
2003.10.24 08:48 B C:\QSAR\Internship\Matlab\somtoolbox2\Doc\som_demo3.html <-- relito /home/relito/medeng/ebayram/Internship/Matlab/somtoolbox2/Doc som_demo3.html
2003.10.24 08:48 B C:\QSAR\Internship\Matlab\somtoolbox2\Doc\som_demo4.html <-- relito /home/relito/medeng/ebayram/Internship/Matlab/somtoolbox2/Doc som_demo4.html
2003.10.24 08:48 B C:\QSAR\Internship\Matlab\somtoolbox2\Doc\som_dendrogram.html <-- relito /home/relito/medeng/ebayram/Internship/Matlab/somtoolbox2/Doc som_dendrogram.html
2003.10.24 08:48 B C:\QSAR\Internship\Matlab\somtoolbox2\Doc\som_denormalize.html <-- relito /home/relito/medeng/ebayram/Internship/Matlab/somtoolbox2/Doc som_denormalize.html
2003.10.24 08:48 B C:\QSAR\Internship\Matlab\somtoolbox2\Doc\som_distortion.html <-- relito /home/relito/medeng/ebayram/Internship/Matlab/somtoolbox2/Doc som_distortion.html
2003.10.24 08:48 B C:\QSAR\Internship\Matlab\somtoolbox2\Doc\som_distortion3.html <-- relito /home/relito/medeng/ebayram/Internship/Matlab/somtoolbox2/Doc som_distortion3.html
2003.10.24 08:48 B C:\QSAR\Internship\Matlab\somtoolbox2\Doc\som_divide.html <-- relito /home/relito/medeng/ebayram/Internship/Matlab/somtoolbox2/Doc som_divide.html
2003.10.24 08:48 B C:\QSAR\Internship\Matlab\somtoolbox2\Doc\som_dmatclusters.html <-- relito /home/relito/medeng/ebayram/Internship/Matlab/somtoolbox2/Doc som_dmatclusters.html
2003.10.24 08:48 B C:\QSAR\Internship\Matlab\somtoolbox2\Doc\som_dmatminima.html <-- relito /home/relito/medeng/ebayram/Internship/Matlab/somtoolbox2/Doc som_dmatminima.html
2003.10.24 08:48 B C:\QSAR\Internship\Matlab\somtoolbox2\Doc\som_dreval.html <-- relito /home/relito/medeng/ebayram/Internship/Matlab/somtoolbox2/Doc som_dreval.html
2003.10.24 08:48 B C:\QSAR\Internship\Matlab\somtoolbox2\Doc\som_drmake.html <-- relito /home/relito/medeng/ebayram/Internship/Matlab/somtoolbox2/Doc som_drmake.html
2003.10.24 08:48 B C:\QSAR\Internship\Matlab\somtoolbox2\Doc\som_drsignif.html <-- relito /home/relito/medeng/ebayram/Internship/Matlab/somtoolbox2/Doc som_drsignif.html
2003.10.24 08:48 B C:\QSAR\Internship\Matlab\somtoolbox2\Doc\som_estimate_gmm.html <-- relito /home/relito/medeng/ebayram/Internship/Matlab/somtoolbox2/Doc som_estimate_gmm.html
2003.10.24 08:48 B C:\QSAR\Internship\Matlab\somtoolbox2\Doc\som_eucdist2.html <-- relito /home/relito/medeng/ebayram/Internship/Matlab/somtoolbox2/Doc som_eucdist2.html
2003.10.24 08:48 B C:\QSAR\Internship\Matlab\somtoolbox2\Doc\som_fillnans.html <-- relito /home/relito/medeng/ebayram/Internship/Matlab/somtoolbox2/Doc som_fillnans.html
2003.10.24 08:48 B C:\QSAR\Internship\Matlab\somtoolbox2\Doc\som_fuzzycolor.html <-- relito /home/relito/medeng/ebayram/Internship/Matlab/somtoolbox2/Doc som_fuzzycolor.html
2003.10.24 08:48 B C:\QSAR\Internship\Matlab\somtoolbox2\Doc\som_gapindex.html <-- relito /home/relito/medeng/ebayram/Internship/Matlab/somtoolbox2/Doc som_gapindex.html
2003.10.24 08:48 B C:\QSAR\Internship\Matlab\somtoolbox2\Doc\som_grid.html <-- relito /home/relito/medeng/ebayram/Internship/Matlab/somtoolbox2/Doc som_grid.html
2003.10.24 08:48 B C:\QSAR\Internship\Matlab\somtoolbox2\Doc\som_gui.html <-- relito /home/relito/medeng/ebayram/Internship/Matlab/somtoolbox2/Doc som_gui.html
2003.10.24 08:48 B C:\QSAR\Internship\Matlab\somtoolbox2\Doc\som_hits.html <-- relito /home/relito/medeng/ebayram/Internship/Matlab/somtoolbox2/Doc som_hits.html
2003.10.24 08:48 B C:\QSAR\Internship\Matlab\somtoolbox2\Doc\som_ind2cod.html <-- relito /home/relito/medeng/ebayram/Internship/Matlab/somtoolbox2/Doc som_ind2cod.html
2003.10.24 08:48 B C:\QSAR\Internship\Matlab\somtoolbox2\Doc\som_ind2sub.html <-- relito /home/relito/medeng/ebayram/Internship/Matlab/somtoolbox2/Doc som_ind2sub.html
2003.10.24 08:48 B C:\QSAR\Internship\Matlab\somtoolbox2\Doc\som_info.html <-- relito /home/relito/medeng/ebayram/Internship/Matlab/somtoolbox2/Doc som_info.html
2003.10.24 08:48 B C:\QSAR\Internship\Matlab\somtoolbox2\Doc\som_kmeanscolor.html <-- relito /home/relito/medeng/ebayram/Internship/Matlab/somtoolbox2/Doc som_kmeanscolor.html
2003.10.24 08:48 B C:\QSAR\Internship\Matlab\somtoolbox2\Doc\som_kmeanscolor2.html <-- relito /home/relito/medeng/ebayram/Internship/Matlab/somtoolbox2/Doc som_kmeanscolor2.html
2003.10.24 08:48 B C:\QSAR\Internship\Matlab\somtoolbox2\Doc\som_label.html <-- relito /home/relito/medeng/ebayram/Internship/Matlab/somtoolbox2/Doc som_label.html
2003.10.24 08:48 B C:\QSAR\Internship\Matlab\somtoolbox2\Doc\som_label2num.html <-- relito /home/relito/medeng/ebayram/Internship/Matlab/somtoolbox2/Doc som_label2num.html
2003.10.24 08:48 B C:\QSAR\Internship\Matlab\somtoolbox2\Doc\som_lininit.html <-- relito /home/relito/medeng/ebayram/Internship/Matlab/somtoolbox2/Doc som_lininit.html
2003.10.24 08:48 B C:\QSAR\Internship\Matlab\somtoolbox2\Doc\som_linkage.html <-- relito /home/relito/medeng/ebayram/Internship/Matlab/somtoolbox2/Doc som_linkage.html
2003.10.24 08:48 B C:\QSAR\Internship\Matlab\somtoolbox2\Doc\som_make.html <-- relito /home/relito/medeng/ebayram/Internship/Matlab/somtoolbox2/Doc som_make.html
2003.10.24 08:48 B C:\QSAR\Internship\Matlab\somtoolbox2\Doc\som_map_struct.html <-- relito /home/relito/medeng/ebayram/Internship/Matlab/somtoolbox2/Doc som_map_struct.html
2003.10.24 08:48 B C:\QSAR\Internship\Matlab\somtoolbox2\Doc\som_mdist.html <-- relito /home/relito/medeng/ebayram/Internship/Matlab/somtoolbox2/Doc som_mdist.html
2003.10.24 08:48 B C:\QSAR\Internship\Matlab\somtoolbox2\Doc\som_modify_dataset.html <-- relito /home/relito/medeng/ebayram/Internship/Matlab/somtoolbox2/Doc som_modify_dataset.html
2003.10.24 08:48 B C:\QSAR\Internship\Matlab\somtoolbox2\Doc\som_neighborhood.html <-- relito /home/relito/medeng/ebayram/Internship/Matlab/somtoolbox2/Doc som_neighborhood.html
2003.10.24 08:48 B C:\QSAR\Internship\Matlab\somtoolbox2\Doc\som_neighbors.html <-- relito /home/relito/medeng/ebayram/Internship/Matlab/somtoolbox2/Doc som_neighbors.html
2003.10.24 08:48 B C:\QSAR\Internship\Matlab\somtoolbox2\Doc\som_neighf.html <-- relito /home/relito/medeng/ebayram/Internship/Matlab/somtoolbox2/Doc som_neighf.html
2003.10.24 08:48 B C:\QSAR\Internship\Matlab\somtoolbox2\Doc\som_norm_variable.html <-- relito /home/relito/medeng/ebayram/Internship/Matlab/somtoolbox2/Doc som_norm_variable.html
2003.10.24 08:48 B C:\QSAR\Internship\Matlab\somtoolbox2\Doc\som_normalize.html <-- relito /home/relito/medeng/ebayram/Internship/Matlab/somtoolbox2/Doc som_normalize.html
2003.10.24 08:48 B C:\QSAR\Internship\Matlab\somtoolbox2\Doc\som_normcolor.html <-- relito /home/relito/medeng/ebayram/Internship/Matlab/somtoolbox2/Doc som_normcolor.html
2003.10.24 08:48 B C:\QSAR\Internship\Matlab\somtoolbox2\Doc\som_order_cplanes.html <-- relito /home/relito/medeng/ebayram/Internship/Matlab/somtoolbox2/Doc som_order_cplanes.html
2003.10.24 08:48 B C:\QSAR\Internship\Matlab\somtoolbox2\Doc\som_pieplane.html <-- relito /home/relito/medeng/ebayram/Internship/Matlab/somtoolbox2/Doc som_pieplane.html
2003.10.24 08:48 B C:\QSAR\Internship\Matlab\somtoolbox2\Doc\som_plotmatrix.html <-- relito /home/relito/medeng/ebayram/Internship/Matlab/somtoolbox2/Doc som_plotmatrix.html
2003.10.24 08:48 B C:\QSAR\Internship\Matlab\somtoolbox2\Doc\som_plotplane.html <-- relito /home/relito/medeng/ebayram/Internship/Matlab/somtoolbox2/Doc som_plotplane.html
2003.10.24 08:48 B C:\QSAR\Internship\Matlab\somtoolbox2\Doc\som_probability_gmm.html <-- relito /home/relito/medeng/ebayram/Internship/Matlab/somtoolbox2/Doc som_probability_gmm.html
2003.10.24 08:48 B C:\QSAR\Internship\Matlab\somtoolbox2\Doc\som_projections.html <-- relito /home/relito/medeng/ebayram/Internship/Matlab/somtoolbox2/Doc som_projections.html
2003.10.24 08:48 B C:\QSAR\Internship\Matlab\somtoolbox2\Doc\som_projections_plot.html <-- relito /home/relito/medeng/ebayram/Internship/Matlab/somtoolbox2/Doc som_projections_plot.html
2003.10.24 08:48 B C:\QSAR\Internship\Matlab\somtoolbox2\Doc\som_prototrain.html <-- relito /home/relito/medeng/ebayram/Internship/Matlab/somtoolbox2/Doc som_prototrain.html
2003.10.24 08:48 B C:\QSAR\Internship\Matlab\somtoolbox2\Doc\som_quality.html <-- relito /home/relito/medeng/ebayram/Internship/Matlab/somtoolbox2/Doc som_quality.html
2003.10.24 08:48 B C:\QSAR\Internship\Matlab\somtoolbox2\Doc\som_randinit.html <-- relito /home/relito/medeng/ebayram/Internship/Matlab/somtoolbox2/Doc som_randinit.html
2003.10.24 08:48 B C:\QSAR\Internship\Matlab\somtoolbox2\Doc\som_read_cod.html <-- relito /home/relito/medeng/ebayram/Internship/Matlab/somtoolbox2/Doc som_read_cod.html
2003.10.24 08:48 B C:\QSAR\Internship\Matlab\somtoolbox2\Doc\som_read_data.html <-- relito /home/relito/medeng/ebayram/Internship/Matlab/somtoolbox2/Doc som_read_data.html
2003.10.24 08:48 B C:\QSAR\Internship\Matlab\somtoolbox2\Doc\som_recolorbar.html <-- relito /home/relito/medeng/ebayram/Internship/Matlab/somtoolbox2/Doc som_recolorbar.html
2003.10.24 08:48 B C:\QSAR\Internship\Matlab\somtoolbox2\Doc\som_select.html <-- relito /home/relito/medeng/ebayram/Internship/Matlab/somtoolbox2/Doc som_select.html
2003.10.24 08:48 B C:\QSAR\Internship\Matlab\somtoolbox2\Doc\som_seqtrain.html <-- relito /home/relito/medeng/ebayram/Internship/Matlab/somtoolbox2/Doc som_seqtrain.html
2003.10.24 08:48 B C:\QSAR\Internship\Matlab\somtoolbox2\Doc\som_set.html <-- relito /home/relito/medeng/ebayram/Internship/Matlab/somtoolbox2/Doc som_set.html
2003.10.24 08:48 B C:\QSAR\Internship\Matlab\somtoolbox2\Doc\som_show.html <-- relito /home/relito/medeng/ebayram/Internship/Matlab/somtoolbox2/Doc som_show.html
2003.10.24 08:48 B C:\QSAR\Internship\Matlab\somtoolbox2\Doc\som_show_add.html <-- relito /home/relito/medeng/ebayram/Internship/Matlab/somtoolbox2/Doc som_show_add.html
2003.10.24 08:48 B C:\QSAR\Internship\Matlab\somtoolbox2\Doc\som_show_clear.html <-- relito /home/relito/medeng/ebayram/Internship/Matlab/somtoolbox2/Doc som_show_clear.html
2003.10.24 08:48 B C:\QSAR\Internship\Matlab\somtoolbox2\Doc\som_show_gui.html <-- relito /home/relito/medeng/ebayram/Internship/Matlab/somtoolbox2/Doc som_show_gui.html
2003.10.24 08:48 B C:\QSAR\Internship\Matlab\somtoolbox2\Doc\som_sompaktrain.html <-- relito /home/relito/medeng/ebayram/Internship/Matlab/somtoolbox2/Doc som_sompaktrain.html
2003.10.24 08:48 B C:\QSAR\Internship\Matlab\somtoolbox2\Doc\som_stats.html <-- relito /home/relito/medeng/ebayram/Internship/Matlab/somtoolbox2/Doc som_stats.html
2003.10.24 08:48 B C:\QSAR\Internship\Matlab\somtoolbox2\Doc\som_stats_plot.html <-- relito /home/relito/medeng/ebayram/Internship/Matlab/somtoolbox2/Doc som_stats_plot.html
2003.10.24 08:48 B C:\QSAR\Internship\Matlab\somtoolbox2\Doc\som_stats_report.html <-- relito /home/relito/medeng/ebayram/Internship/Matlab/somtoolbox2/Doc som_stats_report.html
2003.10.24 08:48 B C:\QSAR\Internship\Matlab\somtoolbox2\Doc\som_stats_table.html <-- relito /home/relito/medeng/ebayram/Internship/Matlab/somtoolbox2/Doc som_stats_table.html
2003.10.24 08:48 B C:\QSAR\Internship\Matlab\somtoolbox2\Doc\som_sub2ind.html <-- relito /home/relito/medeng/ebayram/Internship/Matlab/somtoolbox2/Doc som_sub2ind.html
2003.10.24 08:48 B C:\QSAR\Internship\Matlab\somtoolbox2\Doc\som_supervised.html <-- relito /home/relito/medeng/ebayram/Internship/Matlab/somtoolbox2/Doc som_supervised.html
2003.10.24 08:48 B C:\QSAR\Internship\Matlab\somtoolbox2\Doc\som_table_modify.html <-- relito /home/relito/medeng/ebayram/Internship/Matlab/somtoolbox2/Doc som_table_modify.html
2003.10.24 08:48 B C:\QSAR\Internship\Matlab\somtoolbox2\Doc\som_table_print.html <-- relito /home/relito/medeng/ebayram/Internship/Matlab/somtoolbox2/Doc som_table_print.html
2003.10.24 08:48 B C:\QSAR\Internship\Matlab\somtoolbox2\Doc\som_table_struct.html <-- relito /home/relito/medeng/ebayram/Internship/Matlab/somtoolbox2/Doc som_table_struct.html
2003.10.24 08:48 B C:\QSAR\Internship\Matlab\somtoolbox2\Doc\som_topol_struct.html <-- relito /home/relito/medeng/ebayram/Internship/Matlab/somtoolbox2/Doc som_topol_struct.html
2003.10.24 08:48 B C:\QSAR\Internship\Matlab\somtoolbox2\Doc\som_train_struct.html <-- relito /home/relito/medeng/ebayram/Internship/Matlab/somtoolbox2/Doc som_train_struct.html
2003.10.24 08:48 B C:\QSAR\Internship\Matlab\somtoolbox2\Doc\som_trajectory.html <-- relito /home/relito/medeng/ebayram/Internship/Matlab/somtoolbox2/Doc som_trajectory.html
2003.10.24 08:48 B C:\QSAR\Internship\Matlab\somtoolbox2\Doc\som_umat.html <-- relito /home/relito/medeng/ebayram/Internship/Matlab/somtoolbox2/Doc som_umat.html
2003.10.24 08:48 B C:\QSAR\Internship\Matlab\somtoolbox2\Doc\som_unit_coords.html <-- relito /home/relito/medeng/ebayram/Internship/Matlab/somtoolbox2/Doc som_unit_coords.html
2003.10.24 08:48 B C:\QSAR\Internship\Matlab\somtoolbox2\Doc\som_unit_dists.html <-- relito /home/relito/medeng/ebayram/Internship/Matlab/somtoolbox2/Doc som_unit_dists.html
2003.10.24 08:48 B C:\QSAR\Internship\Matlab\somtoolbox2\Doc\som_unit_neighs.html <-- relito /home/relito/medeng/ebayram/Internship/Matlab/somtoolbox2/Doc som_unit_neighs.html
2003.10.24 08:48 B C:\QSAR\Internship\Matlab\somtoolbox2\Doc\som_vis_coords.html <-- relito /home/relito/medeng/ebayram/Internship/Matlab/somtoolbox2/Doc som_vis_coords.html
2003.10.24 08:48 B C:\QSAR\Internship\Matlab\somtoolbox2\Doc\som_vs1to2.html <-- relito /home/relito/medeng/ebayram/Internship/Matlab/somtoolbox2/Doc som_vs1to2.html
2003.10.24 08:48 B C:\QSAR\Internship\Matlab\somtoolbox2\Doc\som_vs2to1.html <-- relito /home/relito/medeng/ebayram/Internship/Matlab/somtoolbox2/Doc som_vs2to1.html
2003.10.24 08:48 B C:\QSAR\Internship\Matlab\somtoolbox2\Doc\som_write_cod.html <-- relito /home/relito/medeng/ebayram/Internship/Matlab/somtoolbox2/Doc som_write_cod.html
2003.10.24 08:48 B C:\QSAR\Internship\Matlab\somtoolbox2\Doc\som_write_data.html <-- relito /home/relito/medeng/ebayram/Internship/Matlab/somtoolbox2/Doc som_write_data.html
2003.10.24 08:48 B C:\QSAR\Internship\Matlab\somtoolbox2\Doc\sompak_gui.html <-- relito /home/relito/medeng/ebayram/Internship/Matlab/somtoolbox2/Doc sompak_gui.html
2003.10.24 08:48 B C:\QSAR\Internship\Matlab\somtoolbox2\Doc\sompak_init.html <-- relito /home/relito/medeng/ebayram/Internship/Matlab/somtoolbox2/Doc sompak_init.html
2003.10.24 08:48 B C:\QSAR\Internship\Matlab\somtoolbox2\Doc\sompak_init_gui.html <-- relito /home/relito/medeng/ebayram/Internship/Matlab/somtoolbox2/Doc sompak_init_gui.html
2003.10.24 08:48 B C:\QSAR\Internship\Matlab\somtoolbox2\Doc\sompak_rb_control.html <-- relito /home/relito/medeng/ebayram/Internship/Matlab/somtoolbox2/Doc sompak_rb_control.html
2003.10.24 08:48 B C:\QSAR\Internship\Matlab\somtoolbox2\Doc\sompak_sammon.html <-- relito /home/relito/medeng/ebayram/Internship/Matlab/somtoolbox2/Doc sompak_sammon.html
2003.10.24 08:48 B C:\QSAR\Internship\Matlab\somtoolbox2\Doc\sompak_sammon_gui.html <-- relito /home/relito/medeng/ebayram/Internship/Matlab/somtoolbox2/Doc sompak_sammon_gui.html
2003.10.24 08:48 B C:\QSAR\Internship\Matlab\somtoolbox2\Doc\sompak_train.html <-- relito /home/relito/medeng/ebayram/Internship/Matlab/somtoolbox2/Doc sompak_train.html
2003.10.24 08:48 B C:\QSAR\Internship\Matlab\somtoolbox2\Doc\sompak_train_gui.html <-- relito /home/relito/medeng/ebayram/Internship/Matlab/somtoolbox2/Doc sompak_train_gui.html
2003.10.24 08:48 B C:\QSAR\Internship\Matlab\somtoolbox2\Doc\somtoolbox.html <-- relito /home/relito/medeng/ebayram/Internship/Matlab/somtoolbox2/Doc somtoolbox.html
2003.10.24 08:48 B C:\QSAR\Internship\Matlab\somtoolbox2\Doc\vis_footnote.html <-- relito /home/relito/medeng/ebayram/Internship/Matlab/somtoolbox2/Doc vis_footnote.html
2003.10.24 08:48 B C:\QSAR\Internship\Matlab\somtoolbox2\Doc\vis_footnoteButtonDownFcn.html <-- relito /home/relito/medeng/ebayram/Internship/Matlab/somtoolbox2/Doc vis_footnoteButtonDownFcn.html
2003.10.24 08:48 B C:\QSAR\Internship\Matlab\somtoolbox2\Doc\vis_patch.html <-- relito /home/relito/medeng/ebayram/Internship/Matlab/somtoolbox2/Doc vis_patch.html
2003.10.24 08:48 B C:\QSAR\Internship\Matlab\somtoolbox2\Doc\vis_PlaneAxisProperties.html <-- relito /home/relito/medeng/ebayram/Internship/Matlab/somtoolbox2/Doc vis_PlaneAxisProperties.html
2003.10.24 08:48 B C:\QSAR\Internship\Matlab\somtoolbox2\Doc\vis_planeGetArgs.html <-- relito /home/relito/medeng/ebayram/Internship/Matlab/somtoolbox2/Doc vis_planeGetArgs.html
2003.10.24 08:48 B C:\QSAR\Internship\Matlab\somtoolbox2\Doc\vis_show_gui_comp.html <-- relito /home/relito/medeng/ebayram/Internship/Matlab/somtoolbox2/Doc vis_show_gui_comp.html
2003.10.24 08:48 B C:\QSAR\Internship\Matlab\somtoolbox2\Doc\vis_show_gui_tool.html <-- relito /home/relito/medeng/ebayram/Internship/Matlab/somtoolbox2/Doc vis_show_gui_tool.html
2003.10.24 08:48 B C:\QSAR\Internship\Matlab\somtoolbox2\Doc\vis_som_show_data.html <-- relito /home/relito/medeng/ebayram/Internship/Matlab/somtoolbox2/Doc vis_som_show_data.html
2003.10.24 08:48 B C:\QSAR\Internship\Matlab\somtoolbox2\Doc\vis_trajgui.html <-- relito /home/relito/medeng/ebayram/Internship/Matlab/somtoolbox2/Doc vis_trajgui.html
2003.10.24 08:48 B C:\QSAR\Internship\Matlab\somtoolbox2\Doc\vis_valuetype.html <-- relito /home/relito/medeng/ebayram/Internship/Matlab/somtoolbox2/Doc vis_valuetype.html
2003.10.24 08:48 B C:\QSAR\Internship\Matlab\somtoolbox2\Doc\visgui.gif <-- relito /home/relito/medeng/ebayram/Internship/Matlab/somtoolbox2/Doc visgui.gif
2003.10.24 08:48 B C:\QSAR\Internship\Matlab\somtoolbox2\Doc\window.jpg <-- relito /home/relito/medeng/ebayram/Internship/Matlab/somtoolbox2/Doc window.jpg
2003.10.24 08:48 B C:\QSAR\Internship\Matlab\somtoolbox2\Doc\wspace.jpg <-- relito /home/relito/medeng/ebayram/Internship/Matlab/somtoolbox2/Doc wspace.jpg
