2003.10.24 08:48 B C:\QSAR\Internship\Matlab\somtoolbox2\__abcdef <-- relito /home/relito/medeng/ebayram/Internship/Matlab/somtoolbox2 __abcdef
2003.10.24 08:48 B C:\QSAR\Internship\Matlab\somtoolbox2\cca.m <-- relito /home/relito/medeng/ebayram/Internship/Matlab/somtoolbox2 cca.m
2003.10.24 08:48 B C:\QSAR\Internship\Matlab\somtoolbox2\Contents.m <-- relito /home/relito/medeng/ebayram/Internship/Matlab/somtoolbox2 Contents.m
2003.10.24 08:48 B C:\QSAR\Internship\Matlab\somtoolbox2\Copyright.txt <-- relito /home/relito/medeng/ebayram/Internship/Matlab/somtoolbox2 Copyright.txt
2003.10.24 08:48 B C:\QSAR\Internship\Matlab\somtoolbox2\db_index.m <-- relito /home/relito/medeng/ebayram/Internship/Matlab/somtoolbox2 db_index.m
2003.10.24 08:48 B C:\QSAR\Internship\Matlab\somtoolbox2\hits.m <-- relito /home/relito/medeng/ebayram/Internship/Matlab/somtoolbox2 hits.m
2003.10.24 08:48 B C:\QSAR\Internship\Matlab\somtoolbox2\iris.data <-- relito /home/relito/medeng/ebayram/Internship/Matlab/somtoolbox2 iris.data
2003.10.24 08:48 B C:\QSAR\Internship\Matlab\somtoolbox2\kmeans_clusters.m <-- relito /home/relito/medeng/ebayram/Internship/Matlab/somtoolbox2 kmeans_clusters.m
2003.10.24 08:48 B C:\QSAR\Internship\Matlab\somtoolbox2\knn.m <-- relito /home/relito/medeng/ebayram/Internship/Matlab/somtoolbox2 knn.m
2003.10.24 08:48 B C:\QSAR\Internship\Matlab\somtoolbox2\knn_old.m <-- relito /home/relito/medeng/ebayram/Internship/Matlab/somtoolbox2 knn_old.m
2003.10.24 08:48 B C:\QSAR\Internship\Matlab\somtoolbox2\License.txt <-- relito /home/relito/medeng/ebayram/Internship/Matlab/somtoolbox2 License.txt
2003.10.24 08:49 B C:\QSAR\Internship\Matlab\somtoolbox2\lvq1.m <-- relito /home/relito/medeng/ebayram/Internship/Matlab/somtoolbox2 lvq1.m
2003.10.24 08:49 B C:\QSAR\Internship\Matlab\somtoolbox2\lvq3.m <-- relito /home/relito/medeng/ebayram/Internship/Matlab/somtoolbox2 lvq3.m
2003.10.24 08:49 B C:\QSAR\Internship\Matlab\somtoolbox2\nanstats.m <-- relito /home/relito/medeng/ebayram/Internship/Matlab/somtoolbox2 nanstats.m
2003.10.24 08:49 B C:\QSAR\Internship\Matlab\somtoolbox2\neural_gas.m <-- relito /home/relito/medeng/ebayram/Internship/Matlab/somtoolbox2 neural_gas.m
2003.10.24 08:49 B C:\QSAR\Internship\Matlab\somtoolbox2\pcaproj.m <-- relito /home/relito/medeng/ebayram/Internship/Matlab/somtoolbox2 pcaproj.m
2003.10.24 08:49 B C:\QSAR\Internship\Matlab\somtoolbox2\preprocess.m <-- relito /home/relito/medeng/ebayram/Internship/Matlab/somtoolbox2 preprocess.m
2003.10.24 08:49 B C:\QSAR\Internship\Matlab\somtoolbox2\README <-- relito /home/relito/medeng/ebayram/Internship/Matlab/somtoolbox2 README
2003.10.24 08:49 B C:\QSAR\Internship\Matlab\somtoolbox2\rep_utils.m <-- relito /home/relito/medeng/ebayram/Internship/Matlab/somtoolbox2 rep_utils.m
2003.10.24 08:49 B C:\QSAR\Internship\Matlab\somtoolbox2\sammon.m <-- relito /home/relito/medeng/ebayram/Internship/Matlab/somtoolbox2 sammon.m
2003.10.24 08:49 B C:\QSAR\Internship\Matlab\somtoolbox2\som_autolabel.m <-- relito /home/relito/medeng/ebayram/Internship/Matlab/somtoolbox2 som_autolabel.m
2003.10.24 08:49 B C:\QSAR\Internship\Matlab\somtoolbox2\som_barplane.m <-- relito /home/relito/medeng/ebayram/Internship/Matlab/somtoolbox2 som_barplane.m
2003.10.24 08:49 B C:\QSAR\Internship\Matlab\somtoolbox2\som_batchtrain.m <-- relito /home/relito/medeng/ebayram/Internship/Matlab/somtoolbox2 som_batchtrain.m
2003.10.24 08:49 B C:\QSAR\Internship\Matlab\somtoolbox2\som_bmucolor.m <-- relito /home/relito/medeng/ebayram/Internship/Matlab/somtoolbox2 som_bmucolor.m
2003.10.24 08:49 B C:\QSAR\Internship\Matlab\somtoolbox2\som_bmus.m <-- relito /home/relito/medeng/ebayram/Internship/Matlab/somtoolbox2 som_bmus.m
2003.10.24 08:49 B C:\QSAR\Internship\Matlab\somtoolbox2\som_cldist.m <-- relito /home/relito/medeng/ebayram/Internship/Matlab/somtoolbox2 som_cldist.m
2003.10.24 08:49 B C:\QSAR\Internship\Matlab\somtoolbox2\som_clget.m <-- relito /home/relito/medeng/ebayram/Internship/Matlab/somtoolbox2 som_clget.m
2003.10.24 08:49 B C:\QSAR\Internship\Matlab\somtoolbox2\som_cllinkage.m <-- relito /home/relito/medeng/ebayram/Internship/Matlab/somtoolbox2 som_cllinkage.m
2003.10.24 08:49 B C:\QSAR\Internship\Matlab\somtoolbox2\som_clplot.m <-- relito /home/relito/medeng/ebayram/Internship/Matlab/somtoolbox2 som_clplot.m
2003.10.24 08:49 B C:\QSAR\Internship\Matlab\somtoolbox2\som_clset.m <-- relito /home/relito/medeng/ebayram/Internship/Matlab/somtoolbox2 som_clset.m
2003.10.24 08:49 B C:\QSAR\Internship\Matlab\somtoolbox2\som_clspread.m <-- relito /home/relito/medeng/ebayram/Internship/Matlab/somtoolbox2 som_clspread.m
2003.10.24 08:49 B C:\QSAR\Internship\Matlab\somtoolbox2\som_clstruct.m <-- relito /home/relito/medeng/ebayram/Internship/Matlab/somtoolbox2 som_clstruct.m
2003.10.24 08:49 B C:\QSAR\Internship\Matlab\somtoolbox2\som_clustercolor.m <-- relito /home/relito/medeng/ebayram/Internship/Matlab/somtoolbox2 som_clustercolor.m
2003.10.24 08:49 B C:\QSAR\Internship\Matlab\somtoolbox2\som_cod2ind.m <-- relito /home/relito/medeng/ebayram/Internship/Matlab/somtoolbox2 som_cod2ind.m
2003.10.24 08:49 B C:\QSAR\Internship\Matlab\somtoolbox2\som_colorcode.m <-- relito /home/relito/medeng/ebayram/Internship/Matlab/somtoolbox2 som_colorcode.m
2003.10.24 08:49 B C:\QSAR\Internship\Matlab\somtoolbox2\som_coloring.m <-- relito /home/relito/medeng/ebayram/Internship/Matlab/somtoolbox2 som_coloring.m
2003.10.24 08:49 B C:\QSAR\Internship\Matlab\somtoolbox2\som_connection.m <-- relito /home/relito/medeng/ebayram/Internship/Matlab/somtoolbox2 som_connection.m
2003.10.24 08:49 B C:\QSAR\Internship\Matlab\somtoolbox2\som_cplane.m <-- relito /home/relito/medeng/ebayram/Internship/Matlab/somtoolbox2 som_cplane.m
2003.10.24 08:49 B C:\QSAR\Internship\Matlab\somtoolbox2\som_data_struct.m <-- relito /home/relito/medeng/ebayram/Internship/Matlab/somtoolbox2 som_data_struct.m
2003.10.24 08:49 B C:\QSAR\Internship\Matlab\somtoolbox2\som_demo1.m <-- relito /home/relito/medeng/ebayram/Internship/Matlab/somtoolbox2 som_demo1.m
2003.10.24 08:49 B C:\QSAR\Internship\Matlab\somtoolbox2\som_demo2.m <-- relito /home/relito/medeng/ebayram/Internship/Matlab/somtoolbox2 som_demo2.m
2003.10.24 08:49 B C:\QSAR\Internship\Matlab\somtoolbox2\som_demo3.m <-- relito /home/relito/medeng/ebayram/Internship/Matlab/somtoolbox2 som_demo3.m
2003.10.24 08:49 B C:\QSAR\Internship\Matlab\somtoolbox2\som_demo4.m <-- relito /home/relito/medeng/ebayram/Internship/Matlab/somtoolbox2 som_demo4.m
2003.10.24 08:49 B C:\QSAR\Internship\Matlab\somtoolbox2\som_dendrogram.m <-- relito /home/relito/medeng/ebayram/Internship/Matlab/somtoolbox2 som_dendrogram.m
2003.10.24 08:49 B C:\QSAR\Internship\Matlab\somtoolbox2\som_denormalize.m <-- relito /home/relito/medeng/ebayram/Internship/Matlab/somtoolbox2 som_denormalize.m
2003.10.24 08:49 B C:\QSAR\Internship\Matlab\somtoolbox2\som_distortion.m <-- relito /home/relito/medeng/ebayram/Internship/Matlab/somtoolbox2 som_distortion.m
2003.10.24 08:49 B C:\QSAR\Internship\Matlab\somtoolbox2\som_distortion3.m <-- relito /home/relito/medeng/ebayram/Internship/Matlab/somtoolbox2 som_distortion3.m
2003.10.24 08:49 B C:\QSAR\Internship\Matlab\somtoolbox2\som_divide.m <-- relito /home/relito/medeng/ebayram/Internship/Matlab/somtoolbox2 som_divide.m
2003.10.24 08:49 B C:\QSAR\Internship\Matlab\somtoolbox2\som_dmat.m <-- relito /home/relito/medeng/ebayram/Internship/Matlab/somtoolbox2 som_dmat.m
2003.10.24 08:49 B C:\QSAR\Internship\Matlab\somtoolbox2\som_dmatclusters.m <-- relito /home/relito/medeng/ebayram/Internship/Matlab/somtoolbox2 som_dmatclusters.m
2003.10.24 08:49 B C:\QSAR\Internship\Matlab\somtoolbox2\som_dmatminima.m <-- relito /home/relito/medeng/ebayram/Internship/Matlab/somtoolbox2 som_dmatminima.m
2003.10.24 08:49 B C:\QSAR\Internship\Matlab\somtoolbox2\som_dreval.m <-- relito /home/relito/medeng/ebayram/Internship/Matlab/somtoolbox2 som_dreval.m
2003.10.24 08:49 B C:\QSAR\Internship\Matlab\somtoolbox2\som_drmake.m <-- relito /home/relito/medeng/ebayram/Internship/Matlab/somtoolbox2 som_drmake.m
2003.10.24 08:49 B C:\QSAR\Internship\Matlab\somtoolbox2\som_drsignif.m <-- relito /home/relito/medeng/ebayram/Internship/Matlab/somtoolbox2 som_drsignif.m
2003.10.24 08:49 B C:\QSAR\Internship\Matlab\somtoolbox2\som_estimate_gmm.m <-- relito /home/relito/medeng/ebayram/Internship/Matlab/somtoolbox2 som_estimate_gmm.m
2003.10.24 08:49 B C:\QSAR\Internship\Matlab\somtoolbox2\som_eucdist2.m <-- relito /home/relito/medeng/ebayram/Internship/Matlab/somtoolbox2 som_eucdist2.m
2003.10.24 08:49 B C:\QSAR\Internship\Matlab\somtoolbox2\som_fillnans.m <-- relito /home/relito/medeng/ebayram/Internship/Matlab/somtoolbox2 som_fillnans.m
2003.10.24 08:49 B C:\QSAR\Internship\Matlab\somtoolbox2\som_fuzzycolor.m <-- relito /home/relito/medeng/ebayram/Internship/Matlab/somtoolbox2 som_fuzzycolor.m
2003.10.24 08:49 B C:\QSAR\Internship\Matlab\somtoolbox2\som_gapindex.m <-- relito /home/relito/medeng/ebayram/Internship/Matlab/somtoolbox2 som_gapindex.m
2003.10.24 08:49 B C:\QSAR\Internship\Matlab\somtoolbox2\som_grid.m <-- relito /home/relito/medeng/ebayram/Internship/Matlab/somtoolbox2 som_grid.m
2003.10.24 08:49 B C:\QSAR\Internship\Matlab\somtoolbox2\som_gui.m <-- relito /home/relito/medeng/ebayram/Internship/Matlab/somtoolbox2 som_gui.m
2003.10.24 08:49 B C:\QSAR\Internship\Matlab\somtoolbox2\som_hits.m <-- relito /home/relito/medeng/ebayram/Internship/Matlab/somtoolbox2 som_hits.m
2003.10.24 08:49 B C:\QSAR\Internship\Matlab\somtoolbox2\som_ind2cod.m <-- relito /home/relito/medeng/ebayram/Internship/Matlab/somtoolbox2 som_ind2cod.m
2003.10.24 08:49 B C:\QSAR\Internship\Matlab\somtoolbox2\som_ind2sub.m <-- relito /home/relito/medeng/ebayram/Internship/Matlab/somtoolbox2 som_ind2sub.m
2003.10.24 08:49 B C:\QSAR\Internship\Matlab\somtoolbox2\som_info.m <-- relito /home/relito/medeng/ebayram/Internship/Matlab/somtoolbox2 som_info.m
2003.10.24 08:49 B C:\QSAR\Internship\Matlab\somtoolbox2\som_kmeans.m <-- relito /home/relito/medeng/ebayram/Internship/Matlab/somtoolbox2 som_kmeans.m
2003.10.24 08:49 B C:\QSAR\Internship\Matlab\somtoolbox2\som_kmeanscolor.m <-- relito /home/relito/medeng/ebayram/Internship/Matlab/somtoolbox2 som_kmeanscolor.m
2003.10.24 08:49 B C:\QSAR\Internship\Matlab\somtoolbox2\som_kmeanscolor2.m <-- relito /home/relito/medeng/ebayram/Internship/Matlab/somtoolbox2 som_kmeanscolor2.m
2003.10.24 08:49 B C:\QSAR\Internship\Matlab\somtoolbox2\som_label.m <-- relito /home/relito/medeng/ebayram/Internship/Matlab/somtoolbox2 som_label.m
2003.10.24 08:49 B C:\QSAR\Internship\Matlab\somtoolbox2\som_label2num.m <-- relito /home/relito/medeng/ebayram/Internship/Matlab/somtoolbox2 som_label2num.m
2003.10.24 08:49 B C:\QSAR\Internship\Matlab\somtoolbox2\som_lininit.m <-- relito /home/relito/medeng/ebayram/Internship/Matlab/somtoolbox2 som_lininit.m
2003.10.24 08:49 B C:\QSAR\Internship\Matlab\somtoolbox2\som_linkage.m <-- relito /home/relito/medeng/ebayram/Internship/Matlab/somtoolbox2 som_linkage.m
2003.10.24 08:49 B C:\QSAR\Internship\Matlab\somtoolbox2\som_make.m <-- relito /home/relito/medeng/ebayram/Internship/Matlab/somtoolbox2 som_make.m
2003.10.24 08:49 B C:\QSAR\Internship\Matlab\somtoolbox2\som_map_struct.m <-- relito /home/relito/medeng/ebayram/Internship/Matlab/somtoolbox2 som_map_struct.m
2003.10.24 08:49 B C:\QSAR\Internship\Matlab\somtoolbox2\som_mdist.m <-- relito /home/relito/medeng/ebayram/Internship/Matlab/somtoolbox2 som_mdist.m
2003.10.24 08:49 B C:\QSAR\Internship\Matlab\somtoolbox2\som_modify_dataset.m <-- relito /home/relito/medeng/ebayram/Internship/Matlab/somtoolbox2 som_modify_dataset.m
2003.10.24 08:49 B C:\QSAR\Internship\Matlab\somtoolbox2\som_neighborhood.m <-- relito /home/relito/medeng/ebayram/Internship/Matlab/somtoolbox2 som_neighborhood.m
2003.10.24 08:49 B C:\QSAR\Internship\Matlab\somtoolbox2\som_neighbors.m <-- relito /home/relito/medeng/ebayram/Internship/Matlab/somtoolbox2 som_neighbors.m
2003.10.24 08:49 B C:\QSAR\Internship\Matlab\somtoolbox2\som_neighf.m <-- relito /home/relito/medeng/ebayram/Internship/Matlab/somtoolbox2 som_neighf.m
2003.10.24 08:49 B C:\QSAR\Internship\Matlab\somtoolbox2\som_norm_variable.m <-- relito /home/relito/medeng/ebayram/Internship/Matlab/somtoolbox2 som_norm_variable.m
2003.10.24 08:49 B C:\QSAR\Internship\Matlab\somtoolbox2\som_normalize.m <-- relito /home/relito/medeng/ebayram/Internship/Matlab/somtoolbox2 som_normalize.m
2003.10.24 08:49 B C:\QSAR\Internship\Matlab\somtoolbox2\som_normcolor.m <-- relito /home/relito/medeng/ebayram/Internship/Matlab/somtoolbox2 som_normcolor.m
2003.10.24 08:49 B C:\QSAR\Internship\Matlab\somtoolbox2\som_order_cplanes.m <-- relito /home/relito/medeng/ebayram/Internship/Matlab/somtoolbox2 som_order_cplanes.m
2003.10.24 08:49 B C:\QSAR\Internship\Matlab\somtoolbox2\som_pieplane.m <-- relito /home/relito/medeng/ebayram/Internship/Matlab/somtoolbox2 som_pieplane.m
2003.10.24 08:49 B C:\QSAR\Internship\Matlab\somtoolbox2\som_plotmatrix.m <-- relito /home/relito/medeng/ebayram/Internship/Matlab/somtoolbox2 som_plotmatrix.m
2003.10.24 08:49 B C:\QSAR\Internship\Matlab\somtoolbox2\som_plotplane.m <-- relito /home/relito/medeng/ebayram/Internship/Matlab/somtoolbox2 som_plotplane.m
2003.10.24 08:49 B C:\QSAR\Internship\Matlab\somtoolbox2\som_probability_gmm.m <-- relito /home/relito/medeng/ebayram/Internship/Matlab/somtoolbox2 som_probability_gmm.m
2003.10.24 08:49 B C:\QSAR\Internship\Matlab\somtoolbox2\som_projections.m <-- relito /home/relito/medeng/ebayram/Internship/Matlab/somtoolbox2 som_projections.m
2003.10.24 08:49 B C:\QSAR\Internship\Matlab\somtoolbox2\som_projections_plot.m <-- relito /home/relito/medeng/ebayram/Internship/Matlab/somtoolbox2 som_projections_plot.m
2003.10.24 08:49 B C:\QSAR\Internship\Matlab\somtoolbox2\som_prototrain.m <-- relito /home/relito/medeng/ebayram/Internship/Matlab/somtoolbox2 som_prototrain.m
2003.10.24 08:49 B C:\QSAR\Internship\Matlab\somtoolbox2\som_quality.m <-- relito /home/relito/medeng/ebayram/Internship/Matlab/somtoolbox2 som_quality.m
2003.10.24 08:49 B C:\QSAR\Internship\Matlab\somtoolbox2\som_randinit.m <-- relito /home/relito/medeng/ebayram/Internship/Matlab/somtoolbox2 som_randinit.m
2003.10.24 08:49 B C:\QSAR\Internship\Matlab\somtoolbox2\som_read_cod.m <-- relito /home/relito/medeng/ebayram/Internship/Matlab/somtoolbox2 som_read_cod.m
2003.10.24 08:49 B C:\QSAR\Internship\Matlab\somtoolbox2\som_read_data.m <-- relito /home/relito/medeng/ebayram/Internship/Matlab/somtoolbox2 som_read_data.m
2003.10.24 08:49 B C:\QSAR\Internship\Matlab\somtoolbox2\som_recolorbar.m <-- relito /home/relito/medeng/ebayram/Internship/Matlab/somtoolbox2 som_recolorbar.m
2003.10.24 08:49 B C:\QSAR\Internship\Matlab\somtoolbox2\som_select.m <-- relito /home/relito/medeng/ebayram/Internship/Matlab/somtoolbox2 som_select.m
2003.10.24 08:49 B C:\QSAR\Internship\Matlab\somtoolbox2\som_seqtrain.m <-- relito /home/relito/medeng/ebayram/Internship/Matlab/somtoolbox2 som_seqtrain.m
2003.10.24 08:49 B C:\QSAR\Internship\Matlab\somtoolbox2\som_set.m <-- relito /home/relito/medeng/ebayram/Internship/Matlab/somtoolbox2 som_set.m
2003.10.24 08:49 B C:\QSAR\Internship\Matlab\somtoolbox2\som_show.m <-- relito /home/relito/medeng/ebayram/Internship/Matlab/somtoolbox2 som_show.m
2003.10.24 08:49 B C:\QSAR\Internship\Matlab\somtoolbox2\som_show_add.m <-- relito /home/relito/medeng/ebayram/Internship/Matlab/somtoolbox2 som_show_add.m
2003.10.24 08:49 B C:\QSAR\Internship\Matlab\somtoolbox2\som_show_clear.m <-- relito /home/relito/medeng/ebayram/Internship/Matlab/somtoolbox2 som_show_clear.m
2003.10.24 08:49 B C:\QSAR\Internship\Matlab\somtoolbox2\som_show_gui.m <-- relito /home/relito/medeng/ebayram/Internship/Matlab/somtoolbox2 som_show_gui.m
2003.10.24 08:49 B C:\QSAR\Internship\Matlab\somtoolbox2\som_sompaktrain.m <-- relito /home/relito/medeng/ebayram/Internship/Matlab/somtoolbox2 som_sompaktrain.m
2003.10.24 08:49 B C:\QSAR\Internship\Matlab\somtoolbox2\som_stats.m <-- relito /home/relito/medeng/ebayram/Internship/Matlab/somtoolbox2 som_stats.m
2003.10.24 08:49 B C:\QSAR\Internship\Matlab\somtoolbox2\som_stats_plot.m <-- relito /home/relito/medeng/ebayram/Internship/Matlab/somtoolbox2 som_stats_plot.m
2003.10.24 08:49 B C:\QSAR\Internship\Matlab\somtoolbox2\som_stats_report.m <-- relito /home/relito/medeng/ebayram/Internship/Matlab/somtoolbox2 som_stats_report.m
2003.10.24 08:49 B C:\QSAR\Internship\Matlab\somtoolbox2\som_stats_table.m <-- relito /home/relito/medeng/ebayram/Internship/Matlab/somtoolbox2 som_stats_table.m
2003.10.24 08:49 B C:\QSAR\Internship\Matlab\somtoolbox2\som_sub2ind.m <-- relito /home/relito/medeng/ebayram/Internship/Matlab/somtoolbox2 som_sub2ind.m
2003.10.24 08:49 B C:\QSAR\Internship\Matlab\somtoolbox2\som_supervised.m <-- relito /home/relito/medeng/ebayram/Internship/Matlab/somtoolbox2 som_supervised.m
2003.10.24 08:49 B C:\QSAR\Internship\Matlab\somtoolbox2\som_table_modify.m <-- relito /home/relito/medeng/ebayram/Internship/Matlab/somtoolbox2 som_table_modify.m
2003.10.24 08:49 B C:\QSAR\Internship\Matlab\somtoolbox2\som_table_print.m <-- relito /home/relito/medeng/ebayram/Internship/Matlab/somtoolbox2 som_table_print.m
2003.10.24 08:49 B C:\QSAR\Internship\Matlab\somtoolbox2\som_table_struct.m <-- relito /home/relito/medeng/ebayram/Internship/Matlab/somtoolbox2 som_table_struct.m
2003.10.24 08:49 B C:\QSAR\Internship\Matlab\somtoolbox2\som_topol_struct.m <-- relito /home/relito/medeng/ebayram/Internship/Matlab/somtoolbox2 som_topol_struct.m
2003.10.24 08:49 B C:\QSAR\Internship\Matlab\somtoolbox2\som_train_struct.m <-- relito /home/relito/medeng/ebayram/Internship/Matlab/somtoolbox2 som_train_struct.m
2003.10.24 08:49 B C:\QSAR\Internship\Matlab\somtoolbox2\som_trajectory.m <-- relito /home/relito/medeng/ebayram/Internship/Matlab/somtoolbox2 som_trajectory.m
2003.10.24 08:49 B C:\QSAR\Internship\Matlab\somtoolbox2\som_umat.m <-- relito /home/relito/medeng/ebayram/Internship/Matlab/somtoolbox2 som_umat.m
2003.10.24 08:49 B C:\QSAR\Internship\Matlab\somtoolbox2\som_unit_coords.m <-- relito /home/relito/medeng/ebayram/Internship/Matlab/somtoolbox2 som_unit_coords.m
2003.10.24 08:49 B C:\QSAR\Internship\Matlab\somtoolbox2\som_unit_dists.m <-- relito /home/relito/medeng/ebayram/Internship/Matlab/somtoolbox2 som_unit_dists.m
2003.10.24 08:49 B C:\QSAR\Internship\Matlab\somtoolbox2\som_unit_neighs.m <-- relito /home/relito/medeng/ebayram/Internship/Matlab/somtoolbox2 som_unit_neighs.m
2003.10.24 08:49 B C:\QSAR\Internship\Matlab\somtoolbox2\som_use_vs1.m <-- relito /home/relito/medeng/ebayram/Internship/Matlab/somtoolbox2 som_use_vs1.m
2003.10.24 08:49 B C:\QSAR\Internship\Matlab\somtoolbox2\som_use_vs2.m <-- relito /home/relito/medeng/ebayram/Internship/Matlab/somtoolbox2 som_use_vs2.m
2003.10.24 08:49 B C:\QSAR\Internship\Matlab\somtoolbox2\som_vis_coords.m <-- relito /home/relito/medeng/ebayram/Internship/Matlab/somtoolbox2 som_vis_coords.m
2003.10.24 08:49 B C:\QSAR\Internship\Matlab\somtoolbox2\som_vs1to2.m <-- relito /home/relito/medeng/ebayram/Internship/Matlab/somtoolbox2 som_vs1to2.m
2003.10.24 08:49 B C:\QSAR\Internship\Matlab\somtoolbox2\som_vs2to1.m <-- relito /home/relito/medeng/ebayram/Internship/Matlab/somtoolbox2 som_vs2to1.m
2003.10.24 08:49 B C:\QSAR\Internship\Matlab\somtoolbox2\som_write_cod.m <-- relito /home/relito/medeng/ebayram/Internship/Matlab/somtoolbox2 som_write_cod.m
2003.10.24 08:49 B C:\QSAR\Internship\Matlab\somtoolbox2\som_write_data.m <-- relito /home/relito/medeng/ebayram/Internship/Matlab/somtoolbox2 som_write_data.m
2003.10.24 08:49 B C:\QSAR\Internship\Matlab\somtoolbox2\sompak_gui.m <-- relito /home/relito/medeng/ebayram/Internship/Matlab/somtoolbox2 sompak_gui.m
2003.10.24 08:49 B C:\QSAR\Internship\Matlab\somtoolbox2\sompak_init.m <-- relito /home/relito/medeng/ebayram/Internship/Matlab/somtoolbox2 sompak_init.m
2003.10.24 08:49 B C:\QSAR\Internship\Matlab\somtoolbox2\sompak_init_gui.m <-- relito /home/relito/medeng/ebayram/Internship/Matlab/somtoolbox2 sompak_init_gui.m
2003.10.24 08:49 B C:\QSAR\Internship\Matlab\somtoolbox2\sompak_rb_control.m <-- relito /home/relito/medeng/ebayram/Internship/Matlab/somtoolbox2 sompak_rb_control.m
2003.10.24 08:49 B C:\QSAR\Internship\Matlab\somtoolbox2\sompak_sammon.m <-- relito /home/relito/medeng/ebayram/Internship/Matlab/somtoolbox2 sompak_sammon.m
2003.10.24 08:49 B C:\QSAR\Internship\Matlab\somtoolbox2\sompak_sammon_gui.m <-- relito /home/relito/medeng/ebayram/Internship/Matlab/somtoolbox2 sompak_sammon_gui.m
2003.10.24 08:49 B C:\QSAR\Internship\Matlab\somtoolbox2\sompak_train.m <-- relito /home/relito/medeng/ebayram/Internship/Matlab/somtoolbox2 sompak_train.m
2003.10.24 08:49 B C:\QSAR\Internship\Matlab\somtoolbox2\sompak_train_gui.m <-- relito /home/relito/medeng/ebayram/Internship/Matlab/somtoolbox2 sompak_train_gui.m
2003.10.24 08:49 B C:\QSAR\Internship\Matlab\somtoolbox2\somtoolbox.m <-- relito /home/relito/medeng/ebayram/Internship/Matlab/somtoolbox2 somtoolbox.m
2003.10.24 08:49 B C:\QSAR\Internship\Matlab\somtoolbox2\tt.cod <-- relito /home/relito/medeng/ebayram/Internship/Matlab/somtoolbox2 tt.cod
2003.10.24 08:49 B C:\QSAR\Internship\Matlab\somtoolbox2\vis_footnote.m <-- relito /home/relito/medeng/ebayram/Internship/Matlab/somtoolbox2 vis_footnote.m
2003.10.24 08:49 B C:\QSAR\Internship\Matlab\somtoolbox2\vis_footnoteButtonDownFcn.m <-- relito /home/relito/medeng/ebayram/Internship/Matlab/somtoolbox2 vis_footnoteButtonDownFcn.m
2003.10.24 08:49 B C:\QSAR\Internship\Matlab\somtoolbox2\vis_grid_struct.m <-- relito /home/relito/medeng/ebayram/Internship/Matlab/somtoolbox2 vis_grid_struct.m
2003.10.24 08:49 B C:\QSAR\Internship\Matlab\somtoolbox2\vis_patch.m <-- relito /home/relito/medeng/ebayram/Internship/Matlab/somtoolbox2 vis_patch.m
2003.10.24 08:49 B C:\QSAR\Internship\Matlab\somtoolbox2\vis_PlaneAxisProperties.m <-- relito /home/relito/medeng/ebayram/Internship/Matlab/somtoolbox2 vis_PlaneAxisProperties.m
2003.10.24 08:49 B C:\QSAR\Internship\Matlab\somtoolbox2\vis_planeGetArgs.m <-- relito /home/relito/medeng/ebayram/Internship/Matlab/somtoolbox2 vis_planeGetArgs.m
2003.10.24 08:49 B C:\QSAR\Internship\Matlab\somtoolbox2\vis_show_gui_comp.m <-- relito /home/relito/medeng/ebayram/Internship/Matlab/somtoolbox2 vis_show_gui_comp.m
2003.10.24 08:49 B C:\QSAR\Internship\Matlab\somtoolbox2\vis_show_gui_tool.m <-- relito /home/relito/medeng/ebayram/Internship/Matlab/somtoolbox2 vis_show_gui_tool.m
2003.10.24 08:49 B C:\QSAR\Internship\Matlab\somtoolbox2\vis_som_show_data.m <-- relito /home/relito/medeng/ebayram/Internship/Matlab/somtoolbox2 vis_som_show_data.m
2003.10.24 08:49 B C:\QSAR\Internship\Matlab\somtoolbox2\vis_trajgui.m <-- relito /home/relito/medeng/ebayram/Internship/Matlab/somtoolbox2 vis_trajgui.m
2003.10.24 08:49 B C:\QSAR\Internship\Matlab\somtoolbox2\vis_valuetype.m <-- relito /home/relito/medeng/ebayram/Internship/Matlab/somtoolbox2 vis_valuetype.m
